<?xml version="1.0" encoding="UTF-8"?>
<!-- Generated by org.testng.reporters.JUnitReportReporter -->
<testsuite hostname="DESKTOP-0FRBA1G" failures="0" tests="1" name="testcases.LoginTest" time="2.499" errors="0" timestamp="2023-01-23T12:35:31 IST" skipped="0">
  <testcase classname="testcases.LoginTest" name="TC001_LoginTest" time="2.499"/>
  <system-out/>
</testsuite> <!-- testcases.LoginTest -->
